<?xml version="1.0" encoding="UTF-8"?>
<testsuite name="TestRepository" tests="3" skipped="0" failures="0" errors="0" timestamp="2021-03-16T10:16:27" hostname="DESKTOP-34MD1UU" time="2.941">
  <properties/>
  <testcase name="testShowRepository" classname="TestRepository" time="2.73"/>
  <testcase name="testTicketRepository" classname="TestRepository" time="0.088"/>
  <testcase name="testUserRepository" classname="TestRepository" time="0.123"/>
  <system-out><![CDATA[16 Mar 2021 12:16:29,578 INFO  repository.ShowDbRepository 19 <init> - Initializing repository.ShowDbRepository with properties : {jdbc.user=test, jdbc.url=jdbc:sqlite:C:\Users\Laura\Documents\sqliteDBs\musicFestival.db, jdbc.pass=test}
16 Mar 2021 12:16:29,624 TRACE repository.DbUtils 45 getConnection - Enter
16 Mar 2021 12:16:29,625 TRACE repository.DbUtils 23 getNewConnection - Enter
16 Mar 2021 12:16:29,627 INFO  repository.DbUtils 27 getNewConnection - trying to connect to database ... jdbc:sqlite:C:\Users\Laura\Documents\sqliteDBs\musicFestival.db
16 Mar 2021 12:16:29,629 INFO  repository.DbUtils 28 getNewConnection - user: test
16 Mar 2021 12:16:29,630 INFO  repository.DbUtils 29 getNewConnection - pass: test
16 Mar 2021 12:16:30,105 TRACE repository.DbUtils 54 getConnection - Exit with(org.sqlite.SQLiteConnection@2687f50f)
16 Mar 2021 12:16:30,106 TRACE repository.ShowDbRepository 26 findOne - entry findOne
16 Mar 2021 12:16:30,122 INFO  repository.ShowDbRepository 31 findOne - Show with id 1 was found
16 Mar 2021 12:16:30,153 TRACE repository.ShowDbRepository 50 findArtists - entry findArtists
16 Mar 2021 12:16:30,155 INFO  repository.ShowDbRepository 53 findArtists - 2021-03-15
16 Mar 2021 12:16:30,157 TRACE repository.ShowDbRepository 66 findArtists - exit findArtists
Show{id=1, artistName='descend into despair', date=Mon Mar 15 00:00:00 EET 2021, location='Cluj-Napoca, str. Grivitei, 2/30', availableTicketsNumber=12, soldTicketsNumber=88}
16 Mar 2021 12:16:30,185 TRACE repository.ShowDbRepository 50 findArtists - entry findArtists
16 Mar 2021 12:16:30,186 INFO  repository.ShowDbRepository 53 findArtists - 2021-03-15
16 Mar 2021 12:16:30,212 TRACE repository.ShowDbRepository 66 findArtists - exit findArtists
16 Mar 2021 12:16:30,216 TRACE repository.ShowDbRepository 96 findAll - entry findAll
16 Mar 2021 12:16:30,235 TRACE repository.ShowDbRepository 110 findAll - exit findAll
16 Mar 2021 12:16:30,237 TRACE repository.ShowDbRepository 77 update - entry update
16 Mar 2021 12:16:30,285 INFO  repository.ShowDbRepository 86 update - updated show : Show{id=4, artistName='artistcdae121f-7aa1-405f-bf96-53ff82bcd472', date=Tue Mar 16 12:16:30 EET 2021, location='locationcdae121f-7aa1-405f-bf96-53ff82bcd472', availableTicketsNumber=100, soldTicketsNumber=100}
16 Mar 2021 12:16:30,287 TRACE repository.ShowDbRepository 87 update - exit update
16 Mar 2021 12:16:30,289 TRACE repository.ShowDbRepository 26 findOne - entry findOne
16 Mar 2021 12:16:30,290 INFO  repository.ShowDbRepository 31 findOne - Show with id 4 was found
16 Mar 2021 12:16:30,295 TRACE repository.DbUtils 59 closeConnection - entry closeConnection
16 Mar 2021 12:16:30,302 INFO  repository.DbUtils 63 closeConnection - connection org.sqlite.SQLiteConnection@2687f50f successfully closed!
16 Mar 2021 12:16:30,317 INFO  repository.TicketDbRepository 21 <init> - Initializing repository.TicketDbRepository with properties : {jdbc.user=test, jdbc.url=jdbc:sqlite:C:\Users\Laura\Documents\sqliteDBs\musicFestival.db, jdbc.pass=test}
16 Mar 2021 12:16:30,321 TRACE repository.DbUtils 45 getConnection - Enter
16 Mar 2021 12:16:30,322 TRACE repository.DbUtils 23 getNewConnection - Enter
16 Mar 2021 12:16:30,323 INFO  repository.DbUtils 27 getNewConnection - trying to connect to database ... jdbc:sqlite:C:\Users\Laura\Documents\sqliteDBs\musicFestival.db
16 Mar 2021 12:16:30,327 INFO  repository.DbUtils 28 getNewConnection - user: test
16 Mar 2021 12:16:30,328 INFO  repository.DbUtils 29 getNewConnection - pass: test
16 Mar 2021 12:16:30,356 TRACE repository.DbUtils 54 getConnection - Exit with(org.sqlite.SQLiteConnection@75d749d7)
16 Mar 2021 12:16:30,358 TRACE repository.TicketDbRepository 49 findAll - entry findAll
16 Mar 2021 12:16:30,369 TRACE repository.TicketDbRepository 58 findAll - exit findAll
16 Mar 2021 12:16:30,371 TRACE repository.TicketDbRepository 28 save - entry save
16 Mar 2021 12:16:30,386 INFO  repository.TicketDbRepository 35 save - added Ticket{showId=1, purchaserName='test', number=2}
16 Mar 2021 12:16:30,387 TRACE repository.TicketDbRepository 40 save - exit add
16 Mar 2021 12:16:30,388 TRACE repository.TicketDbRepository 49 findAll - entry findAll
16 Mar 2021 12:16:30,390 TRACE repository.TicketDbRepository 58 findAll - exit findAll
[Ticket{showId=1, purchaserName='test', number=2}, Ticket{showId=1, purchaserName='test', number=2}, Ticket{showId=1, purchaserName='test', number=2}, Ticket{showId=1, purchaserName='test', number=2}, Ticket{showId=1, purchaserName='test', number=2}, Ticket{showId=1, purchaserName='test', number=2}, Ticket{showId=1, purchaserName='test', number=2}, Ticket{showId=1, purchaserName='test', number=2}, Ticket{showId=1, purchaserName='test', number=2}, Ticket{showId=1, purchaserName='test', number=2}, Ticket{showId=1, purchaserName='test', number=2}]
16 Mar 2021 12:16:30,392 TRACE repository.DbUtils 59 closeConnection - entry closeConnection
16 Mar 2021 12:16:30,394 INFO  repository.DbUtils 63 closeConnection - connection org.sqlite.SQLiteConnection@75d749d7 successfully closed!
16 Mar 2021 12:16:30,398 INFO  repository.UserDbRepository 20 <init> - Initializing repository.UserDbRepository with properties : {jdbc.user=test, jdbc.url=jdbc:sqlite:C:\Users\Laura\Documents\sqliteDBs\musicFestival.db, jdbc.pass=test}
16 Mar 2021 12:16:30,399 TRACE repository.DbUtils 45 getConnection - Enter
16 Mar 2021 12:16:30,400 TRACE repository.DbUtils 23 getNewConnection - Enter
16 Mar 2021 12:16:30,401 INFO  repository.DbUtils 27 getNewConnection - trying to connect to database ... jdbc:sqlite:C:\Users\Laura\Documents\sqliteDBs\musicFestival.db
16 Mar 2021 12:16:30,402 INFO  repository.DbUtils 28 getNewConnection - user: test
16 Mar 2021 12:16:30,403 INFO  repository.DbUtils 29 getNewConnection - pass: test
16 Mar 2021 12:16:30,484 TRACE repository.DbUtils 54 getConnection - Exit with(org.sqlite.SQLiteConnection@1aa517a7)
16 Mar 2021 12:16:30,486 TRACE repository.UserDbRepository 27 findOne - entry findOne
16 Mar 2021 12:16:30,491 INFO  repository.UserDbRepository 33 findOne - User with username : test1 and password : test1 was found!
16 Mar 2021 12:16:30,496 TRACE repository.UserDbRepository 27 findOne - entry findOne
16 Mar 2021 12:16:30,500 INFO  repository.UserDbRepository 36 findOne - User with username : asdfcv and password : sdf not found!
16 Mar 2021 12:16:30,502 TRACE repository.UserDbRepository 48 findAll - entry findAll
16 Mar 2021 12:16:30,515 TRACE repository.UserDbRepository 57 findAll - exit findAll
16 Mar 2021 12:16:30,516 TRACE repository.DbUtils 59 closeConnection - entry closeConnection
16 Mar 2021 12:16:30,517 INFO  repository.DbUtils 63 closeConnection - connection org.sqlite.SQLiteConnection@1aa517a7 successfully closed!
]]></system-out>
  <system-err><![CDATA[]]></system-err>
</testsuite>
